<?xml version="1.0" encoding="UTF-8"?>
<!-- Generated by org.testng.reporters.JUnitXMLReporter -->
<testsuite ignored="0" hostname="LAPTOP-UISU80L1" failures="0" tests="3" name="Default test" time="134.064" errors="0" timestamp="2020-12-10T14:50:47 IST">
  <testcase classname="RBAC.CreateRole" name="EditRoleDescription" time="51.207"/>
  <testcase classname="RBAC.CreateRole" name="EditRoleExists" time="36.431"/>
  <testcase classname="RBAC.CreateRole" name="EditRoleName" time="46.363"/>
</testsuite> <!-- Default test -->
