<?xml version="1.0" encoding="UTF-8"?>
<!-- Generated by org.testng.reporters.JUnitXMLReporter -->
<testsuite ignored="14" hostname="LAPTOP-UISU80L1" failures="0" tests="0" time="0.004" errors="0" timestamp="2020-12-14T18:30:01 IST">
  <testcase classname="RBAC.CreateUser" name="TestInvalidEmail" time="0.0">
    <ignored/>
  </testcase> <!-- TestInvalidEmail -->
  <testcase classname="RBAC.CreateUser" name="TestInvalidConfirmPassword" time="0.0">
    <ignored/>
  </testcase> <!-- TestInvalidConfirmPassword -->
  <testcase classname="RBAC.CreateUser" name="TestNoConfirmPassword" time="0.0">
    <ignored/>
  </testcase> <!-- TestNoConfirmPassword -->
  <testcase classname="RBAC.CreateUser" name="TestValidUser" time="0.0">
    <ignored/>
  </testcase> <!-- TestValidUser -->
  <testcase classname="RBAC.CreateUser" name="EditUserInvalidConfirmPassword" time="0.0">
    <ignored/>
  </testcase> <!-- EditUserInvalidConfirmPassword -->
  <testcase classname="RBAC.CreateUser" name="TestInvalidPassword" time="0.0">
    <ignored/>
  </testcase> <!-- TestInvalidPassword -->
  <testcase classname="RBAC.CreateUser" name="EditUserInvalidPassword" time="0.0">
    <ignored/>
  </testcase> <!-- EditUserInvalidPassword -->
  <testcase classname="RBAC.CreateUser" name="TestNoEmail" time="0.0">
    <ignored/>
  </testcase> <!-- TestNoEmail -->
  <testcase classname="RBAC.CreateUser" name="EditUserValid" time="0.0">
    <ignored/>
  </testcase> <!-- EditUserValid -->
  <testcase classname="RBAC.CreateUser" name="EditUserNoConfirmPassword" time="0.0">
    <ignored/>
  </testcase> <!-- EditUserNoConfirmPassword -->
  <testcase classname="RBAC.CreateUser" name="TestNoPassword" time="0.0">
    <ignored/>
  </testcase> <!-- TestNoPassword -->
  <testcase classname="RBAC.CreateUser" name="EditUserNoPassword" time="0.0">
    <ignored/>
  </testcase> <!-- EditUserNoPassword -->
  <testcase classname="RBAC.CreateUser" name="TestAlreadyExistsEmail" time="0.0">
    <ignored/>
  </testcase> <!-- TestAlreadyExistsEmail -->
  <testcase classname="RBAC.CreateUser" name="TestNoRole" time="0.0">
    <ignored/>
  </testcase> <!-- TestNoRole -->
</testsuite>
