<?xml version="1.0" encoding="UTF-8"?>
<!-- Generated by org.testng.reporters.JUnitXMLReporter -->
<testsuite ignored="4" hostname="LAPTOP-UISU80L1" failures="0" tests="0" time="0.007" errors="0" timestamp="2020-12-10T14:56:35 IST">
  <testcase classname="RBAC.CreateRole" name="EditRoleValid" time="0.0">
    <ignored/>
  </testcase> <!-- EditRoleValid -->
  <testcase classname="RBAC.CreateRole" name="EditRoleName" time="0.0">
    <ignored/>
  </testcase> <!-- EditRoleName -->
  <testcase classname="RBAC.CreateRole" name="EditRoleDescription" time="0.0">
    <ignored/>
  </testcase> <!-- EditRoleDescription -->
  <testcase classname="RBAC.CreateRole" name="EditRoleExists" time="0.0">
    <ignored/>
  </testcase> <!-- EditRoleExists -->
</testsuite>
