<?xml version="1.0" encoding="UTF-8"?>
<!-- Generated by org.testng.reporters.JUnitXMLReporter -->
<testsuite ignored="2" hostname="LAPTOP-UISU80L1" failures="0" tests="1" name="Document Category Test" time="58.159" errors="0" timestamp="2021-01-05T12:30:53 IST">
  <testcase classname="Service.DocumentCategory" name="TestValidTitle" time="58.121"/>
  <testcase classname="Service.DocumentCategory" name="TestInvalidTitle" time="0.0">
    <ignored/>
  </testcase> <!-- TestInvalidTitle -->
  <testcase classname="Service.DocumentCategory" name="TestNoTitle" time="0.0">
    <ignored/>
  </testcase> <!-- TestNoTitle -->
</testsuite> <!-- Document Category Test -->
