<?xml version="1.0" encoding="UTF-8"?>
<!-- Generated by org.testng.reporters.JUnitXMLReporter -->
<testsuite ignored="9" hostname="LAPTOP-UISU80L1" failures="0" tests="1" name="Output Activity Test" time="131.749" errors="0" timestamp="2020-12-22T14:51:17 IST">
  <testcase classname="DataOutput_File.DataOutput" name="TestInvalidMapkey" time="131.666"/>
  <testcase classname="DataOutput_File.DataOutput" name="TestNofilename" time="0.0">
    <ignored/>
  </testcase> <!-- TestNofilename -->
  <testcase classname="DataOutput_File.DataOutput" name="TestUploadNoFile" time="0.0">
    <ignored/>
  </testcase> <!-- TestUploadNoFile -->
  <testcase classname="DataOutput_File.DataOutput" name="TestUploadInvalidFile" time="0.0">
    <ignored/>
  </testcase> <!-- TestUploadInvalidFile -->
  <testcase classname="DataOutput_File.DataOutput" name="TestNoMapkey" time="0.0">
    <ignored/>
  </testcase> <!-- TestNoMapkey -->
  <testcase classname="DataOutput_File.DataOutput" name="TestUploadValidFile" time="0.0">
    <ignored/>
  </testcase> <!-- TestUploadValidFile -->
  <testcase classname="DataOutput_File.DataOutput" name="TestValidMapkey" time="0.0">
    <ignored/>
  </testcase> <!-- TestValidMapkey -->
  <testcase classname="DataOutput_File.DataOutput" name="TestUploadFiveFile" time="0.0">
    <ignored/>
  </testcase> <!-- TestUploadFiveFile -->
  <testcase classname="DataOutput_File.DataOutput" name="TestValidfilename" time="0.0">
    <ignored/>
  </testcase> <!-- TestValidfilename -->
  <testcase classname="DataOutput_File.DataOutput" name="TestUploadUniqueFile" time="0.0">
    <ignored/>
  </testcase> <!-- TestUploadUniqueFile -->
</testsuite> <!-- Output Activity Test -->
