<?xml version="1.0" encoding="UTF-8"?>
<!-- Generated by org.testng.reporters.JUnitXMLReporter -->
<testsuite ignored="10" hostname="LAPTOP-UISU80L1" failures="0" tests="0" time="0.002" errors="0" timestamp="2020-12-30T16:44:15 IST">
  <testcase classname="DataOutput_File.DataOutput" name="TestInvalidMapkey" time="0.0">
    <ignored/>
  </testcase> <!-- TestInvalidMapkey -->
  <testcase classname="DataOutput_File.DataOutput" name="TestNofilename" time="0.0">
    <ignored/>
  </testcase> <!-- TestNofilename -->
  <testcase classname="DataOutput_File.DataOutput" name="TestUploadNoFile" time="0.0">
    <ignored/>
  </testcase> <!-- TestUploadNoFile -->
  <testcase classname="DataOutput_File.DataOutput" name="TestUploadInvalidFile" time="0.0">
    <ignored/>
  </testcase> <!-- TestUploadInvalidFile -->
  <testcase classname="DataOutput_File.DataOutput" name="TestNoMapkey" time="0.0">
    <ignored/>
  </testcase> <!-- TestNoMapkey -->
  <testcase classname="DataOutput_File.DataOutput" name="TestUploadValidFile" time="0.0">
    <ignored/>
  </testcase> <!-- TestUploadValidFile -->
  <testcase classname="DataOutput_File.DataOutput" name="TestValidMapkey" time="0.0">
    <ignored/>
  </testcase> <!-- TestValidMapkey -->
  <testcase classname="DataOutput_File.DataOutput" name="TestUploadFiveFile" time="0.0">
    <ignored/>
  </testcase> <!-- TestUploadFiveFile -->
  <testcase classname="DataOutput_File.DataOutput" name="TestValidfilename" time="0.0">
    <ignored/>
  </testcase> <!-- TestValidfilename -->
  <testcase classname="DataOutput_File.DataOutput" name="TestUploadUniqueFile" time="0.0">
    <ignored/>
  </testcase> <!-- TestUploadUniqueFile -->
</testsuite>
