<?xml version="1.0" encoding="UTF-8"?>
<!-- Generated by org.testng.reporters.JUnitXMLReporter -->
<testsuite ignored="4" hostname="LAPTOP-UISU80L1" failures="0" tests="0" time="0.004" errors="0" timestamp="2021-01-05T14:55:21 IST">
  <testcase classname="CP_QualityCheck.QC_QualityCheck" name="QC_TestVerify" time="0.0">
    <ignored/>
  </testcase> <!-- QC_TestVerify -->
  <testcase classname="CP_QualityCheck.QC_QualityCheck" name="QC_TestUpdate" time="0.0">
    <ignored/>
  </testcase> <!-- QC_TestUpdate -->
  <testcase classname="CP_QualityCheck.QC_QualityCheck" name="QC_TestNoUpdate" time="0.0">
    <ignored/>
  </testcase> <!-- QC_TestNoUpdate -->
  <testcase classname="CP_QualityCheck.QC_QualityCheck" name="QC_TestViewLogs" time="0.0">
    <ignored/>
  </testcase> <!-- QC_TestViewLogs -->
</testsuite>
