<?xml version="1.0" encoding="UTF-8"?>
<!-- Generated by org.testng.reporters.JUnitXMLReporter -->
<testsuite ignored="5" hostname="LAPTOP-UISU80L1" failures="0" tests="0" time="0.002" errors="0" timestamp="2021-01-05T14:55:21 IST">
  <testcase classname="CP_QualityValidation.QV_QualityValidation" name="QV_TestApproved" time="0.0">
    <ignored/>
  </testcase> <!-- QV_TestApproved -->
  <testcase classname="CP_QualityValidation.QV_QualityValidation" name="QV_TestRejected" time="0.0">
    <ignored/>
  </testcase> <!-- QV_TestRejected -->
  <testcase classname="CP_QualityValidation.QV_QualityValidation" name="QV_TestNoUpdate" time="0.0">
    <ignored/>
  </testcase> <!-- QV_TestNoUpdate -->
  <testcase classname="CP_QualityValidation.QV_QualityValidation" name="QV_TestViewLogs" time="0.0">
    <ignored/>
  </testcase> <!-- QV_TestViewLogs -->
  <testcase classname="CP_QualityValidation.QV_QualityValidation" name="QV_TestUpdate" time="0.0">
    <ignored/>
  </testcase> <!-- QV_TestUpdate -->
</testsuite>
