<?xml version="1.0" encoding="UTF-8"?>
<!-- Generated by org.testng.reporters.JUnitXMLReporter -->
<testsuite ignored="13" hostname="LAPTOP-UISU80L1" failures="0" tests="0" time="0.002" errors="0" timestamp="2020-12-30T16:45:01 IST">
  <testcase classname="Template_File.Regex" name="TestFinishError" time="0.0">
    <ignored/>
  </testcase> <!-- TestFinishError -->
  <testcase classname="Template_File.Regex" name="TestInvalidTestValue" time="0.0">
    <ignored/>
  </testcase> <!-- TestInvalidTestValue -->
  <testcase classname="Template_File.Regex" name="TestAliasName" time="0.0">
    <ignored/>
  </testcase> <!-- TestAliasName -->
  <testcase classname="Template_File.Regex" name="TestFNEmpty" time="0.0">
    <ignored/>
  </testcase> <!-- TestFNEmpty -->
  <testcase classname="Template_File.Regex" name="TestEdit" time="0.0">
    <ignored/>
  </testcase> <!-- TestEdit -->
  <testcase classname="Template_File.Regex" name="TestCharacterTypeAlphabet" time="0.0">
    <ignored/>
  </testcase> <!-- TestCharacterTypeAlphabet -->
  <testcase classname="Template_File.Regex" name="TestSampleInput" time="0.0">
    <ignored/>
  </testcase> <!-- TestSampleInput -->
  <testcase classname="Template_File.Regex" name="TestSampleValueEmpty" time="0.0">
    <ignored/>
  </testcase> <!-- TestSampleValueEmpty -->
  <testcase classname="Template_File.Regex" name="TestTestValueBlank" time="0.0">
    <ignored/>
  </testcase> <!-- TestTestValueBlank -->
  <testcase classname="Template_File.Regex" name="TestCharacterTypeMixed" time="0.0">
    <ignored/>
  </testcase> <!-- TestCharacterTypeMixed -->
  <testcase classname="Template_File.Regex" name="TestCharacterTypeNumeric" time="0.0">
    <ignored/>
  </testcase> <!-- TestCharacterTypeNumeric -->
  <testcase classname="Template_File.Regex" name="TestRegex" time="0.0">
    <ignored/>
  </testcase> <!-- TestRegex -->
  <testcase classname="Template_File.Regex" name="TestValidTestValue" time="0.0">
    <ignored/>
  </testcase> <!-- TestValidTestValue -->
</testsuite>
