<?xml version="1.0" encoding="UTF-8"?>
<!-- Generated by org.testng.reporters.JUnitXMLReporter -->
<testsuite ignored="6" hostname="LAPTOP-UISU80L1" failures="0" tests="0" time="0.004" errors="0" timestamp="2020-12-30T16:45:01 IST">
  <testcase classname="Account.RegisterPage" name="TestNoPassword" time="0.0">
    <ignored/>
  </testcase> <!-- TestNoPassword -->
  <testcase classname="Account.RegisterPage" name="TestPasswordMatch" time="0.0">
    <ignored/>
  </testcase> <!-- TestPasswordMatch -->
  <testcase classname="Account.RegisterPage" name="TestInvalidEmail" time="0.0">
    <ignored/>
  </testcase> <!-- TestInvalidEmail -->
  <testcase classname="Account.RegisterPage" name="TestNoEmail" time="0.0">
    <ignored/>
  </testcase> <!-- TestNoEmail -->
  <testcase classname="Account.RegisterPage" name="RegisterTest" time="0.0">
    <ignored/>
  </testcase> <!-- RegisterTest -->
  <testcase classname="Account.RegisterPage" name="TestPasswordPolicy" time="0.0">
    <ignored/>
  </testcase> <!-- TestPasswordPolicy -->
</testsuite>
