<?xml version="1.0" encoding="UTF-8"?>
<!-- Generated by org.testng.reporters.JUnitXMLReporter -->
<testsuite ignored="4" hostname="LAPTOP-UISU80L1" failures="0" tests="0" time="0.001" errors="0" timestamp="2021-01-05T12:30:53 IST">
  <testcase classname="Template_File.Template" name="TestValidUploadTemp" time="0.0">
    <ignored/>
  </testcase> <!-- TestValidUploadTemp -->
  <testcase classname="Template_File.Template" name="TestUploadTempBlank" time="0.0">
    <ignored/>
  </testcase> <!-- TestUploadTempBlank -->
  <testcase classname="Template_File.Template" name="TestTempNameBlank" time="0.0">
    <ignored/>
  </testcase> <!-- TestTempNameBlank -->
  <testcase classname="Template_File.Template" name="TestUploadTempFileBlank" time="0.0">
    <ignored/>
  </testcase> <!-- TestUploadTempFileBlank -->
</testsuite>
