<?xml version="1.0" encoding="UTF-8"?>
<!-- Generated by org.testng.reporters.JUnitXMLReporter -->
<testsuite ignored="10" hostname="LAPTOP-UISU80L1" failures="0" tests="0" time="0.002" errors="0" timestamp="2021-01-06T17:46:20 IST">
  <testcase classname="RBAC.CreateRole" name="EditRoleValid" time="0.0">
    <ignored/>
  </testcase> <!-- EditRoleValid -->
  <testcase classname="RBAC.CreateRole" name="TestNoRoleName" time="0.0">
    <ignored/>
  </testcase> <!-- TestNoRoleName -->
  <testcase classname="RBAC.CreateRole" name="EditRoleName" time="0.0">
    <ignored/>
  </testcase> <!-- EditRoleName -->
  <testcase classname="RBAC.CreateRole" name="EditRoleDescription" time="0.0">
    <ignored/>
  </testcase> <!-- EditRoleDescription -->
  <testcase classname="RBAC.CreateRole" name="EditRoleExists" time="0.0">
    <ignored/>
  </testcase> <!-- EditRoleExists -->
  <testcase classname="RBAC.CreateRole" name="TestInvalidRole" time="0.0">
    <ignored/>
  </testcase> <!-- TestInvalidRole -->
  <testcase classname="RBAC.CreateRole" name="TestValidRole" time="0.0">
    <ignored/>
  </testcase> <!-- TestValidRole -->
  <testcase classname="RBAC.CreateRole" name="TestNoRoleDescription" time="0.0">
    <ignored/>
  </testcase> <!-- TestNoRoleDescription -->
  <testcase classname="RBAC.CreateRole" name="TestNoRoleAction" time="0.0">
    <ignored/>
  </testcase> <!-- TestNoRoleAction -->
  <testcase classname="RBAC.CreateRole" name="TestNoRoleResource" time="0.0">
    <ignored/>
  </testcase> <!-- TestNoRoleResource -->
</testsuite>
