<?xml version="1.0" encoding="UTF-8"?>
<!-- Generated by org.testng.reporters.JUnitXMLReporter -->
<testsuite ignored="1" hostname="LAPTOP-UISU80L1" failures="0" tests="1" name="DateSourceTest" time="56.008" errors="0" timestamp="2021-01-06T17:47:16 IST">
  <testcase classname="DataSource_File.DataSource" name="TestValidDataSourceBlank" time="55.949"/>
  <testcase classname="DataSource_File.DataSource" name="TestValidDataSource" time="0.0">
    <ignored/>
  </testcase> <!-- TestValidDataSource -->
</testsuite> <!-- DateSourceTest -->
