<?xml version="1.0" encoding="UTF-8"?>
<!-- Generated by org.testng.reporters.JUnitXMLReporter -->
<testsuite ignored="4" hostname="LAPTOP-UISU80L1" failures="0" tests="0" time="0.005" errors="0" timestamp="2021-01-06T17:46:20 IST">
  <testcase classname="Service.DocumentCategory" name="TestValidTitle" time="0.0">
    <ignored/>
  </testcase> <!-- TestValidTitle -->
  <testcase classname="Service.DocumentCategory" name="TestValidEnviryaOCR" time="0.0">
    <ignored/>
  </testcase> <!-- TestValidEnviryaOCR -->
  <testcase classname="Service.DocumentCategory" name="TestInvalidTitle" time="0.0">
    <ignored/>
  </testcase> <!-- TestInvalidTitle -->
  <testcase classname="Service.DocumentCategory" name="TestNoTitle" time="0.0">
    <ignored/>
  </testcase> <!-- TestNoTitle -->
</testsuite>
