<?xml version="1.0" encoding="UTF-8"?>
<!-- Generated by org.testng.reporters.JUnitXMLReporter -->
<testsuite ignored="3" hostname="LAPTOP-UISU80L1" failures="0" tests="0" time="0.005" errors="0" timestamp="2021-01-05T17:47:52 IST">
  <testcase classname="Process_File.Process" name="TestValidProcessName" time="0.0">
    <ignored/>
  </testcase> <!-- TestValidProcessName -->
  <testcase classname="Process_File.Process" name="TestBlankProcessName" time="0.0">
    <ignored/>
  </testcase> <!-- TestBlankProcessName -->
  <testcase classname="Process_File.Process" name="TestDupProcessName" time="0.0">
    <ignored/>
  </testcase> <!-- TestDupProcessName -->
</testsuite>
