<?xml version="1.0" encoding="UTF-8"?>
<!-- Generated by org.testng.reporters.JUnitXMLReporter -->
<testsuite ignored="2" hostname="LAPTOP-UISU80L1" failures="0" tests="1" name="ProcessTest" time="32.71" errors="0" timestamp="2021-01-06T11:39:51 IST">
  <testcase classname="Process_File.Process" name="TestValidProcessName" time="32.665"/>
  <testcase classname="Process_File.Process" name="TestBlankProcessName" time="0.0">
    <ignored/>
  </testcase> <!-- TestBlankProcessName -->
  <testcase classname="Process_File.Process" name="TestDupProcessName" time="0.0">
    <ignored/>
  </testcase> <!-- TestDupProcessName -->
</testsuite> <!-- ProcessTest -->
