<?xml version="1.0" encoding="UTF-8"?>
<!-- Generated by org.testng.reporters.JUnitXMLReporter -->
<testsuite ignored="5" hostname="LAPTOP-UISU80L1" failures="0" tests="0" time="0.003" errors="0" timestamp="2021-01-06T17:46:19 IST">
  <testcase classname="QualityCheck_File.QualityCheck" name="TestValidQC" time="0.0">
    <ignored/>
  </testcase> <!-- TestValidQC -->
  <testcase classname="QualityCheck_File.QualityCheck" name="TestValidQV" time="0.0">
    <ignored/>
  </testcase> <!-- TestValidQV -->
  <testcase classname="QualityCheck_File.QualityCheck" name="TestNoQV" time="0.0">
    <ignored/>
  </testcase> <!-- TestNoQV -->
  <testcase classname="QualityCheck_File.QualityCheck" name="TestValidQCQV" time="0.0">
    <ignored/>
  </testcase> <!-- TestValidQCQV -->
  <testcase classname="QualityCheck_File.QualityCheck" name="TestNoQC" time="0.0">
    <ignored/>
  </testcase> <!-- TestNoQC -->
</testsuite>
