<?xml version="1.0" encoding="UTF-8"?>
<testng-results ignored="61" total="62" passed="1" failed="0" skipped="0">
  <reporter-output>
  </reporter-output>
  <suite started-at="2021-01-06T17:46:19 IST" name="Envirya Project" finished-at="2021-01-06T17:47:16 IST" duration-ms="56306">
    <groups>
    </groups>
    <test started-at="2021-01-06T17:46:19 IST" name="Login Test" finished-at="2021-01-06T17:46:19 IST" duration-ms="29">
      <class name="Account.LoginPage">
        <test-method is-config="true" signature="setUp()[pri:0, instance:Account.LoginPage@4470fbd6]" started-at="2021-01-06T17:46:19 IST" name="setUp" finished-at="2021-01-06T17:46:19 IST" duration-ms="11" status="PASS">
          <reporter-output>
          </reporter-output>
        </test-method> <!-- setUp -->
      </class> <!-- Account.LoginPage -->
    </test> <!-- Login Test -->
    <test started-at="2021-01-06T17:46:19 IST" name="Register Test" finished-at="2021-01-06T17:46:19 IST" duration-ms="4">
      <class name="Account.RegisterPage">
        <test-method is-config="true" signature="setUp()[pri:0, instance:Account.RegisterPage@16612a51]" started-at="2021-01-06T17:46:19 IST" name="setUp" finished-at="2021-01-06T17:46:19 IST" duration-ms="2" status="PASS">
          <reporter-output>
          </reporter-output>
        </test-method> <!-- setUp -->
      </class> <!-- Account.RegisterPage -->
    </test> <!-- Register Test -->
    <test started-at="2021-01-06T17:46:19 IST" name="QV Login Test" finished-at="2021-01-06T17:46:19 IST" duration-ms="3">
      <class name="CP_QualityValidation.QV_QualityValidation">
        <test-method is-config="true" signature="setUp()[pri:0, instance:CP_QualityValidation.QV_QualityValidation@4ef74c30]" started-at="2021-01-06T17:46:19 IST" name="setUp" finished-at="2021-01-06T17:46:19 IST" duration-ms="1" status="PASS">
          <reporter-output>
          </reporter-output>
        </test-method> <!-- setUp -->
      </class> <!-- CP_QualityValidation.QV_QualityValidation -->
    </test> <!-- QV Login Test -->
    <test started-at="2021-01-06T17:46:19 IST" name="QC Login Test" finished-at="2021-01-06T17:46:19 IST" duration-ms="4">
      <class name="CP_QualityCheck.QC_QualityCheck">
        <test-method is-config="true" signature="setUp()[pri:0, instance:CP_QualityCheck.QC_QualityCheck@35b74c5c]" started-at="2021-01-06T17:46:19 IST" name="setUp" finished-at="2021-01-06T17:46:19 IST" duration-ms="2" status="PASS">
          <reporter-output>
          </reporter-output>
        </test-method> <!-- setUp -->
      </class> <!-- CP_QualityCheck.QC_QualityCheck -->
    </test> <!-- QC Login Test -->
    <test started-at="2021-01-06T17:46:19 IST" name="Quality Check Test" finished-at="2021-01-06T17:46:19 IST" duration-ms="3">
      <class name="QualityCheck_File.QualityCheck">
        <test-method is-config="true" signature="setUp()[pri:0, instance:QualityCheck_File.QualityCheck@13d9cbf5]" started-at="2021-01-06T17:46:19 IST" name="setUp" finished-at="2021-01-06T17:46:19 IST" duration-ms="1" status="PASS">
          <reporter-output>
          </reporter-output>
        </test-method> <!-- setUp -->
      </class> <!-- QualityCheck_File.QualityCheck -->
    </test> <!-- Quality Check Test -->
    <test started-at="2021-01-06T17:46:20 IST" name="Output Activity Test" finished-at="2021-01-06T17:46:20 IST" duration-ms="2">
      <class name="DataOutput_File.DataOutput">
        <test-method is-config="true" signature="setUp()[pri:0, instance:DataOutput_File.DataOutput@6531a794]" started-at="2021-01-06T17:46:20 IST" name="setUp" finished-at="2021-01-06T17:46:20 IST" duration-ms="1" status="PASS">
          <reporter-output>
          </reporter-output>
        </test-method> <!-- setUp -->
      </class> <!-- DataOutput_File.DataOutput -->
    </test> <!-- Output Activity Test -->
    <test started-at="2021-01-06T17:46:20 IST" name="Document Category Test" finished-at="2021-01-06T17:46:20 IST" duration-ms="5">
      <class name="Service.DocumentCategory">
        <test-method is-config="true" signature="setUp()[pri:0, instance:Service.DocumentCategory@cd1e646]" started-at="2021-01-06T17:46:20 IST" name="setUp" finished-at="2021-01-06T17:46:20 IST" duration-ms="1" status="PASS">
          <reporter-output>
          </reporter-output>
        </test-method> <!-- setUp -->
      </class> <!-- Service.DocumentCategory -->
    </test> <!-- Document Category Test -->
    <test started-at="2021-01-06T17:46:20 IST" name="Create User Test" finished-at="2021-01-06T17:46:20 IST" duration-ms="1">
      <class name="RBAC.CreateUser">
        <test-method is-config="true" signature="setUp()[pri:0, instance:RBAC.CreateUser@72ef8d15]" started-at="2021-01-06T17:46:20 IST" name="setUp" finished-at="2021-01-06T17:46:20 IST" duration-ms="1" status="PASS">
          <reporter-output>
          </reporter-output>
        </test-method> <!-- setUp -->
      </class> <!-- RBAC.CreateUser -->
    </test> <!-- Create User Test -->
    <test started-at="2021-01-06T17:46:20 IST" name="Create Role Test" finished-at="2021-01-06T17:46:20 IST" duration-ms="2">
      <class name="RBAC.CreateRole">
        <test-method is-config="true" signature="setUp()[pri:0, instance:RBAC.CreateRole@64e7619d]" started-at="2021-01-06T17:46:20 IST" name="setUp" finished-at="2021-01-06T17:46:20 IST" duration-ms="0" status="PASS">
          <reporter-output>
          </reporter-output>
        </test-method> <!-- setUp -->
      </class> <!-- RBAC.CreateRole -->
    </test> <!-- Create Role Test -->
    <test started-at="2021-01-06T17:46:20 IST" name="DateSourceTest" finished-at="2021-01-06T17:47:16 IST" duration-ms="56008">
      <class name="DataSource_File.DataSource">
        <test-method is-config="true" signature="setUp()[pri:0, instance:DataSource_File.DataSource@1130520d]" started-at="2021-01-06T17:46:20 IST" name="setUp" finished-at="2021-01-06T17:46:20 IST" duration-ms="2" status="PASS">
          <reporter-output>
          </reporter-output>
        </test-method> <!-- setUp -->
        <test-method signature="TestValidDataSourceBlank(java.lang.String)[pri:0, instance:DataSource_File.DataSource@1130520d]" started-at="2021-01-06T17:46:20 IST" name="TestValidDataSourceBlank" data-provider="DataProvider" finished-at="2021-01-06T17:47:16 IST" duration-ms="55949" status="PASS">
          <params>
            <param index="0">
              <value>
                <![CDATA[chrome]]>
              </value>
            </param>
          </params>
          <reporter-output>
          </reporter-output>
        </test-method> <!-- TestValidDataSourceBlank -->
      </class> <!-- DataSource_File.DataSource -->
    </test> <!-- DateSourceTest -->
    <test started-at="2021-01-06T17:47:16 IST" name="OCRTest" finished-at="2021-01-06T17:47:16 IST" duration-ms="7">
      <class name="OCR_File.OCR">
        <test-method is-config="true" signature="setUp()[pri:0, instance:OCR_File.OCR@5456afaa]" started-at="2021-01-06T17:47:16 IST" name="setUp" finished-at="2021-01-06T17:47:16 IST" duration-ms="2" status="PASS">
          <reporter-output>
          </reporter-output>
        </test-method> <!-- setUp -->
      </class> <!-- OCR_File.OCR -->
    </test> <!-- OCRTest -->
  </suite> <!-- Envirya Project -->
</testng-results>
