<?xml version="1.0" encoding="UTF-8"?>
<testng-results ignored="24" total="26" passed="1" failed="1" skipped="0">
  <reporter-output>
  </reporter-output>
  <suite started-at="2020-12-10T19:05:57 IST" name="EnviryaProjects" finished-at="2020-12-10T19:06:35 IST" duration-ms="37560">
    <groups>
    </groups>
    <test started-at="2020-12-10T19:05:57 IST" name="Login Test" finished-at="2020-12-10T19:05:57 IST" duration-ms="31">
      <class name="Account.LoginPage">
        <test-method is-config="true" signature="setUp()[pri:0, instance:Account.LoginPage@4470fbd6]" started-at="2020-12-10T19:05:57 IST" name="setUp" finished-at="2020-12-10T19:05:57 IST" duration-ms="0" status="PASS">
          <reporter-output>
          </reporter-output>
        </test-method> <!-- setUp -->
      </class> <!-- Account.LoginPage -->
    </test> <!-- Login Test -->
    <test started-at="2020-12-10T19:05:57 IST" name="Create Role Test" finished-at="2020-12-10T19:05:57 IST" duration-ms="0">
      <class name="RBAC.CreateRole">
        <test-method is-config="true" signature="setUp()[pri:0, instance:RBAC.CreateRole@16612a51]" started-at="2020-12-10T19:05:57 IST" name="setUp" finished-at="2020-12-10T19:05:57 IST" duration-ms="0" status="PASS">
          <reporter-output>
          </reporter-output>
        </test-method> <!-- setUp -->
      </class> <!-- RBAC.CreateRole -->
    </test> <!-- Create Role Test -->
    <test started-at="2020-12-10T19:05:57 IST" name="Create User Test" finished-at="2020-12-10T19:06:34 IST" duration-ms="37417">
      <class name="RBAC.CreateUser">
        <test-method is-config="true" signature="setUp()[pri:0, instance:RBAC.CreateUser@536dbea0]" started-at="2020-12-10T19:05:57 IST" name="setUp" finished-at="2020-12-10T19:05:57 IST" duration-ms="0" status="PASS">
          <reporter-output>
          </reporter-output>
        </test-method> <!-- setUp -->
        <test-method signature="TestNoEmail(java.lang.String)[pri:0, instance:RBAC.CreateUser@536dbea0]" started-at="2020-12-10T19:05:57 IST" name="TestNoEmail" data-provider="DataProvider" finished-at="2020-12-10T19:06:30 IST" duration-ms="33314" status="PASS">
          <params>
            <param index="0">
              <value>
                <![CDATA[chrome]]>
              </value>
            </param>
          </params>
          <reporter-output>
          </reporter-output>
        </test-method> <!-- TestNoEmail -->
        <test-method signature="TestNoPassword(java.lang.String)[pri:0, instance:RBAC.CreateUser@536dbea0]" started-at="2020-12-10T19:06:30 IST" name="TestNoPassword" data-provider="DataProvider" finished-at="2020-12-10T19:06:34 IST" duration-ms="4069" status="FAIL">
          <params>
            <param index="0">
              <value>
                <![CDATA[chrome]]>
              </value>
            </param>
          </params>
          <exception class="org.openqa.selenium.NoSuchWindowException">
            <message>
              <![CDATA[no such window: target window already closed
from unknown error: web view not found
  (Session info: chrome=87.0.4280.88)
Build info: version: '3.141.59', revision: 'e82be7d358', time: '2018-11-14T08:25:48'
System info: host: 'LAPTOP-UISU80L1', ip: '192.168.29.147', os.name: 'Windows 10', os.arch: 'amd64', os.version: '10.0', java.version: '13.0.1'
Driver info: org.openqa.selenium.chrome.ChromeDriver
Capabilities {acceptInsecureCerts: false, browserName: chrome, browserVersion: 87.0.4280.88, chrome: {chromedriverVersion: 87.0.4280.20 (c99e81631faa0..., userDataDir: C:\Users\Lenovo\AppData\Loc...}, goog:chromeOptions: {debuggerAddress: localhost:50969}, javascriptEnabled: true, networkConnectionEnabled: false, pageLoadStrategy: normal, platform: WINDOWS, platformName: WINDOWS, proxy: Proxy(), setWindowRect: true, strictFileInteractability: false, timeouts: {implicit: 0, pageLoad: 300000, script: 30000}, unhandledPromptBehavior: dismiss and notify, webauthn:virtualAuthenticators: true}
Session ID: adacf4c73aa28453fb1f2f2615a18ba7]]>
            </message>
            <full-stacktrace>
              <![CDATA[org.openqa.selenium.NoSuchWindowException: no such window: target window already closed
from unknown error: web view not found
  (Session info: chrome=87.0.4280.88)
Build info: version: '3.141.59', revision: 'e82be7d358', time: '2018-11-14T08:25:48'
System info: host: 'LAPTOP-UISU80L1', ip: '192.168.29.147', os.name: 'Windows 10', os.arch: 'amd64', os.version: '10.0', java.version: '13.0.1'
Driver info: org.openqa.selenium.chrome.ChromeDriver
Capabilities {acceptInsecureCerts: false, browserName: chrome, browserVersion: 87.0.4280.88, chrome: {chromedriverVersion: 87.0.4280.20 (c99e81631faa0..., userDataDir: C:\Users\Lenovo\AppData\Loc...}, goog:chromeOptions: {debuggerAddress: localhost:50969}, javascriptEnabled: true, networkConnectionEnabled: false, pageLoadStrategy: normal, platform: WINDOWS, platformName: WINDOWS, proxy: Proxy(), setWindowRect: true, strictFileInteractability: false, timeouts: {implicit: 0, pageLoad: 300000, script: 30000}, unhandledPromptBehavior: dismiss and notify, webauthn:virtualAuthenticators: true}
Session ID: adacf4c73aa28453fb1f2f2615a18ba7
at java.base/jdk.internal.reflect.NativeConstructorAccessorImpl.newInstance0(Native Method)
at java.base/jdk.internal.reflect.NativeConstructorAccessorImpl.newInstance(NativeConstructorAccessorImpl.java:62)
at java.base/jdk.internal.reflect.DelegatingConstructorAccessorImpl.newInstance(DelegatingConstructorAccessorImpl.java:45)
at java.base/java.lang.reflect.Constructor.newInstanceWithCaller(Constructor.java:500)
at java.base/java.lang.reflect.Constructor.newInstance(Constructor.java:481)
at org.openqa.selenium.remote.http.W3CHttpResponseCodec.createException(W3CHttpResponseCodec.java:187)
at org.openqa.selenium.remote.http.W3CHttpResponseCodec.decode(W3CHttpResponseCodec.java:122)
at org.openqa.selenium.remote.http.W3CHttpResponseCodec.decode(W3CHttpResponseCodec.java:49)
at org.openqa.selenium.remote.HttpCommandExecutor.execute(HttpCommandExecutor.java:158)
at org.openqa.selenium.remote.service.DriverCommandExecutor.execute(DriverCommandExecutor.java:83)
at org.openqa.selenium.remote.RemoteWebDriver.execute(RemoteWebDriver.java:552)
at org.openqa.selenium.remote.RemoteWebDriver.execute(RemoteWebDriver.java:609)
at org.openqa.selenium.remote.RemoteWebDriver$RemoteWebDriverOptions$RemoteWindow.maximize(RemoteWebDriver.java:837)
at config.PropertiesFile.createBrowser(PropertiesFile.java:42)
at RBAC.CreateUser.TestNoPassword(CreateUser.java:77)
at java.base/jdk.internal.reflect.NativeMethodAccessorImpl.invoke0(Native Method)
at java.base/jdk.internal.reflect.NativeMethodAccessorImpl.invoke(NativeMethodAccessorImpl.java:62)
at java.base/jdk.internal.reflect.DelegatingMethodAccessorImpl.invoke(DelegatingMethodAccessorImpl.java:43)
at java.base/java.lang.reflect.Method.invoke(Method.java:567)
at org.testng.internal.MethodInvocationHelper.invokeMethod(MethodInvocationHelper.java:132)
at org.testng.internal.TestInvoker.invokeMethod(TestInvoker.java:599)
at org.testng.internal.TestInvoker.invokeTestMethod(TestInvoker.java:174)
at org.testng.internal.MethodRunner.runInSequence(MethodRunner.java:46)
at org.testng.internal.TestInvoker$MethodInvocationAgent.invoke(TestInvoker.java:822)
at org.testng.internal.TestInvoker.invokeTestMethods(TestInvoker.java:147)
at org.testng.internal.TestMethodWorker.invokeTestMethods(TestMethodWorker.java:146)
at org.testng.internal.TestMethodWorker.run(TestMethodWorker.java:128)
at java.base/java.util.ArrayList.forEach(ArrayList.java:1507)
at org.testng.TestRunner.privateRun(TestRunner.java:764)
at org.testng.TestRunner.run(TestRunner.java:585)
at org.testng.SuiteRunner.runTest(SuiteRunner.java:384)
at org.testng.SuiteRunner.runSequentially(SuiteRunner.java:378)
at org.testng.SuiteRunner.privateRun(SuiteRunner.java:337)
at org.testng.SuiteRunner.run(SuiteRunner.java:286)
at org.testng.SuiteRunnerWorker.runSuite(SuiteRunnerWorker.java:53)
at org.testng.SuiteRunnerWorker.run(SuiteRunnerWorker.java:96)
at org.testng.TestNG.runSuitesSequentially(TestNG.java:1218)
at org.testng.TestNG.runSuitesLocally(TestNG.java:1140)
at org.testng.TestNG.runSuites(TestNG.java:1069)
at org.testng.TestNG.run(TestNG.java:1037)
at org.testng.remote.AbstractRemoteTestNG.run(AbstractRemoteTestNG.java:115)
at org.testng.remote.RemoteTestNG.initAndRun(RemoteTestNG.java:251)
at org.testng.remote.RemoteTestNG.main(RemoteTestNG.java:77)
]]>
            </full-stacktrace>
          </exception> <!-- org.openqa.selenium.NoSuchWindowException -->
          <reporter-output>
          </reporter-output>
        </test-method> <!-- TestNoPassword -->
      </class> <!-- RBAC.CreateUser -->
    </test> <!-- Create User Test -->
    <test started-at="2020-12-10T19:06:35 IST" name="Register Test" finished-at="2020-12-10T19:06:35 IST" duration-ms="5">
      <class name="Account.RegisterPage">
        <test-method is-config="true" signature="setUp()[pri:0, instance:Account.RegisterPage@35b74c5c]" started-at="2020-12-10T19:06:35 IST" name="setUp" finished-at="2020-12-10T19:06:35 IST" duration-ms="4" status="PASS">
          <reporter-output>
          </reporter-output>
        </test-method> <!-- setUp -->
      </class> <!-- Account.RegisterPage -->
    </test> <!-- Register Test -->
    <test started-at="2020-12-10T19:06:35 IST" name="RegexTest" finished-at="2020-12-10T19:06:35 IST" duration-ms="0">
      <class name="Template.Regex">
        <test-method is-config="true" signature="setUp()[pri:0, instance:Template.Regex@7de62196]" started-at="2020-12-10T19:06:35 IST" name="setUp" finished-at="2020-12-10T19:06:35 IST" duration-ms="0" status="PASS">
          <reporter-output>
          </reporter-output>
        </test-method> <!-- setUp -->
      </class> <!-- Template.Regex -->
    </test> <!-- RegexTest -->
  </suite> <!-- EnviryaProjects -->
</testng-results>
